<?xml version="1.0" encoding="UTF-8"?>
<!-- Generated by org.testng.reporters.JUnitReportReporter -->
<testsuite hostname="DESKTOP-N46G1GJ" failures="0" tests="1" name="com.hms.pom.admin.ManagePatient" time="5.036" errors="0" timestamp="2024-12-18T10:57:18 IST" skipped="0">
  <testcase classname="com.hms.pom.admin.ManagePatient" name="managePatientPage" time="5.036"/>
</testsuite> <!-- com.hms.pom.admin.ManagePatient -->
