<?xml version="1.0" encoding="UTF-8"?>
<!-- Generated by org.testng.reporters.JUnitReportReporter -->
<testsuite hostname="DESKTOP-N46G1GJ" failures="0" tests="6" name="com.hms.base.admin.AdminModuleTest" time="23.657" errors="0" timestamp="2025-01-06T16:13:08 IST" skipped="0">
  <testcase classname="com.hms.base.admin.AdminModuleTest" name="managePatientPage" time="3.399"/>
  <testcase classname="com.hms.base.admin.AdminModuleTest" name="manageUserPage" time="2.874"/>
  <testcase classname="com.hms.base.admin.AdminModuleTest" name="userlogs" time="2.643"/>
  <testcase classname="com.hms.base.admin.AdminModuleTest" name="patientReportsPage" time="4.760"/>
  <testcase classname="com.hms.base.admin.AdminModuleTest" name="individualPatientReportPage" time="3.667"/>
  <testcase classname="com.hms.base.admin.AdminModuleTest" name="editDoctorSpecializationPage" time="6.314"/>
</testsuite> <!-- com.hms.base.admin.AdminModuleTest -->
