<?xml version="1.0" encoding="UTF-8"?>
<!-- Generated by org.testng.reporters.JUnitReportReporter -->
<testsuite hostname="DESKTOP-N46G1GJ" failures="0" tests="1" name="com.hms.base.admin.AdminModuleTest" time="4.457" errors="0" timestamp="2025-01-06T11:04:23 IST" skipped="0">
  <testcase classname="com.hms.base.admin.AdminModuleTest" name="editDoctorSpecializationPage" time="4.457"/>
</testsuite> <!-- com.hms.base.admin.AdminModuleTest -->
