<?xml version="1.0" encoding="UTF-8"?>
<!-- Generated by org.testng.reporters.JUnitReportReporter -->
<testsuite hostname="DESKTOP-N46G1GJ" failures="0" tests="6" name="com.hms.base.admin.AdminModuleTest" time="169.027" errors="0" timestamp="2025-01-06T15:29:16 IST" skipped="0">
  <testcase classname="com.hms.base.admin.AdminModuleTest" name="managePatientPage" time="17.748"/>
  <testcase classname="com.hms.base.admin.AdminModuleTest" name="manageUserPage" time="8.873"/>
  <testcase classname="com.hms.base.admin.AdminModuleTest" name="userlogs" time="34.308"/>
  <testcase classname="com.hms.base.admin.AdminModuleTest" name="patientReportsPage" time="29.720"/>
  <testcase classname="com.hms.base.admin.AdminModuleTest" name="individualPatientReportPage" time="28.020"/>
  <testcase classname="com.hms.base.admin.AdminModuleTest" name="editDoctorSpecializationPage" time="50.358"/>
</testsuite> <!-- com.hms.base.admin.AdminModuleTest -->
