<?xml version="1.0" encoding="UTF-8"?>
<!-- Generated by org.testng.reporters.JUnitReportReporter -->
<testsuite hostname="DESKTOP-N46G1GJ" failures="0" tests="1" name="com.hms.pom.admin.ManageUser" time="5.571" errors="0" timestamp="2024-12-18T10:54:13 IST" skipped="0">
  <testcase classname="com.hms.pom.admin.ManageUser" name="manageUserPage" time="5.571"/>
</testsuite> <!-- com.hms.pom.admin.ManageUser -->
