<?xml version="1.0" encoding="UTF-8"?>
<!-- Generated by org.testng.reporters.JUnitReportReporter -->
<testsuite hostname="DESKTOP-N46G1GJ" failures="0" tests="1" name="com.hms.pom.admin.EditDoctorSpecialization" time="7.758" errors="0" timestamp="2024-12-18T12:02:40 IST" skipped="0">
  <testcase classname="com.hms.pom.admin.EditDoctorSpecialization" name="editDoctorSpecializationPage" time="7.758"/>
</testsuite> <!-- com.hms.pom.admin.EditDoctorSpecialization -->
