<?xml version="1.0" encoding="UTF-8"?>
<!-- Generated by org.testng.reporters.JUnitReportReporter -->
<testsuite hostname="DESKTOP-N46G1GJ" failures="0" tests="6" name="com.hms.base.admin.AdminModuleTest" time="27.064" errors="0" timestamp="2024-12-31T11:15:40 IST" skipped="0">
  <testcase classname="com.hms.base.admin.AdminModuleTest" name="managePatientPage" time="3.835"/>
  <testcase classname="com.hms.base.admin.AdminModuleTest" name="manageUserPage" time="4.494"/>
  <testcase classname="com.hms.base.admin.AdminModuleTest" name="userlogs" time="6.918"/>
  <testcase classname="com.hms.base.admin.AdminModuleTest" name="patientReportsPage" time="4.021"/>
  <testcase classname="com.hms.base.admin.AdminModuleTest" name="individualPatientReportPage" time="3.375"/>
  <testcase classname="com.hms.base.admin.AdminModuleTest" name="editDoctorSpecializationPage" time="4.421"/>
</testsuite> <!-- com.hms.base.admin.AdminModuleTest -->
