<?xml version="1.0" encoding="UTF-8"?>
<!-- Generated by org.testng.reporters.JUnitReportReporter -->
<testsuite hostname="DESKTOP-N46G1GJ" failures="0" tests="1" name="com.hms.base.admin.ManagePatient" time="34.400" errors="0" timestamp="2024-12-31T11:05:05 IST" skipped="0">
  <testcase classname="com.hms.base.admin.ManagePatient" name="managePatientPage" time="34.400"/>
</testsuite> <!-- com.hms.base.admin.ManagePatient -->
