<?xml version="1.0" encoding="UTF-8"?>
<!-- Generated by org.testng.reporters.JUnitReportReporter -->
<testsuite hostname="DESKTOP-N46G1GJ" failures="0" tests="1" name="com.hms.pom.admin.IndividualPatientReport" time="6.104" errors="0" timestamp="2024-12-18T11:11:56 IST" skipped="0">
  <testcase classname="com.hms.pom.admin.IndividualPatientReport" name="individualPatientReportPage" time="6.104"/>
</testsuite> <!-- com.hms.pom.admin.IndividualPatientReport -->
