<?xml version="1.0" encoding="UTF-8"?>
<!-- Generated by org.testng.reporters.JUnitReportReporter -->
<testsuite hostname="DESKTOP-N46G1GJ" failures="0" tests="1" name="com.hms.pom.admin.UserSessionLogs" time="5.552" errors="0" timestamp="2024-12-18T10:47:59 IST" skipped="0">
  <testcase classname="com.hms.pom.admin.UserSessionLogs" name="userlogs" time="5.552"/>
</testsuite> <!-- com.hms.pom.admin.UserSessionLogs -->
