<?xml version="1.0" encoding="UTF-8"?>
<!-- Generated by org.testng.reporters.JUnitReportReporter -->
<testsuite hostname="DESKTOP-N46G1GJ" failures="0" tests="1" name="com.hms.pom.admin.PatientReports" time="5.767" errors="0" timestamp="2024-12-18T11:06:19 IST" skipped="0">
  <testcase classname="com.hms.pom.admin.PatientReports" name="patientReportsPage" time="5.767"/>
</testsuite> <!-- com.hms.pom.admin.PatientReports -->
